METRLA
Trainset:	x-(23974, 12, 207, 3)	y-(23974, 12, 207, 1)
Valset:  	x-(3425, 12, 207, 3)  	y-(3425, 12, 207, 1)
Testset:	x-(6850, 12, 207, 3)	y-(6850, 12, 207, 1)

--------- STMetaAGCRU ---------
{
    "num_nodes": 207,
    "in_steps": 12,
    "out_steps": 12,
    "time_of_day": true,
    "day_of_week": true,
    "lr": 0.002,
    "weight_decay": 0,
    "early_stop": 20,
    "milestones": [
        40,
        100
    ],
    "clip_grad": false,
    "batch_size": 64,
    "max_epochs": 200,
    "use_cl": false,
    "cl_step_size": 2500,
    "pass_device": true,
    "model_args": {
        "device": "cuda:0",
        "num_nodes": 207,
        "node_emb_file": "../data/METRLA/spatial_embeddings.npz",
        "adj_path": "../data/METRLA/adj_mx.pkl",
        "adj_type": "doubletransition",
        "in_steps": 12,
        "out_steps": 12,
        "input_dim": 1,
        "output_dim": 1,
        "gru_hidden_dim": 32,
        "tod_embedding_dim": 24,
        "dow_embedding_dim": 7,
        "node_embedding_dim": 64,
        "learner_hidden_dim": 128,
        "z_dim": 64,
        "num_layers": 2,
        "seq2seq": true,
        "cheb_k": 3,
        "addaptadj": true
    }
}
==========================================================================================
Layer (type:depth-idx)                   Output Shape              Param #
==========================================================================================
STMetaAGCRU                              [64, 12, 207, 1]          38,916
├─Sequential: 1-1                        [64, 207, 64]             --
│    └─Linear: 2-1                       [64, 207, 32]             416
│    └─Tanh: 2-2                         [64, 207, 32]             --
│    └─Linear: 2-3                       [64, 207, 32]             1,056
│    └─Tanh: 2-4                         [64, 207, 32]             --
│    └─Linear: 2-5                       [64, 207, 64]             2,112
├─Sequential: 1-2                        [64, 207, 64]             --
│    └─Linear: 2-6                       [64, 207, 32]             416
│    └─Tanh: 2-7                         [64, 207, 32]             --
│    └─Linear: 2-8                       [64, 207, 32]             1,056
│    └─Tanh: 2-9                         [64, 207, 32]             --
│    └─Linear: 2-10                      [64, 207, 64]             2,112
├─Sequential: 1-3                        [64, 207, 128]            --
│    └─Linear: 2-11                      [64, 207, 128]            20,480
├─ModuleList: 1-4                        --                        --
│    └─STMetaGCRUEncoder: 2-12           [64, 12, 207, 32]         --
│    │    └─STMetaGCRUCell: 3-1          [64, 207, 32]             22,272
│    │    └─STMetaGCRUCell: 3-2          [64, 207, 32]             (recursive)
│    │    └─STMetaGCRUCell: 3-3          [64, 207, 32]             (recursive)
│    │    └─STMetaGCRUCell: 3-4          [64, 207, 32]             (recursive)
│    │    └─STMetaGCRUCell: 3-5          [64, 207, 32]             (recursive)
│    │    └─STMetaGCRUCell: 3-6          [64, 207, 32]             (recursive)
│    │    └─STMetaGCRUCell: 3-7          [64, 207, 32]             (recursive)
│    │    └─STMetaGCRUCell: 3-8          [64, 207, 32]             (recursive)
│    │    └─STMetaGCRUCell: 3-9          [64, 207, 32]             (recursive)
│    │    └─STMetaGCRUCell: 3-10         [64, 207, 32]             (recursive)
│    │    └─STMetaGCRUCell: 3-11         [64, 207, 32]             (recursive)
│    │    └─STMetaGCRUCell: 3-12         [64, 207, 32]             (recursive)
│    └─STMetaGCRUEncoder: 2-13           [64, 12, 207, 32]         --
│    │    └─STMetaGCRUCell: 3-13         [64, 207, 32]             43,104
│    │    └─STMetaGCRUCell: 3-14         [64, 207, 32]             (recursive)
│    │    └─STMetaGCRUCell: 3-15         [64, 207, 32]             (recursive)
│    │    └─STMetaGCRUCell: 3-16         [64, 207, 32]             (recursive)
│    │    └─STMetaGCRUCell: 3-17         [64, 207, 32]             (recursive)
│    │    └─STMetaGCRUCell: 3-18         [64, 207, 32]             (recursive)
│    │    └─STMetaGCRUCell: 3-19         [64, 207, 32]             (recursive)
│    │    └─STMetaGCRUCell: 3-20         [64, 207, 32]             (recursive)
│    │    └─STMetaGCRUCell: 3-21         [64, 207, 32]             (recursive)
│    │    └─STMetaGCRUCell: 3-22         [64, 207, 32]             (recursive)
│    │    └─STMetaGCRUCell: 3-23         [64, 207, 32]             (recursive)
│    │    └─STMetaGCRUCell: 3-24         [64, 207, 32]             (recursive)
├─Sequential: 1-5                        [64, 207, 128]            --
│    └─Linear: 2-14                      [64, 207, 128]            20,480
├─ModuleList: 1-28                       --                        (recursive)
│    └─STMetaGCRUCell: 2-15              [64, 207, 32]             --
│    │    └─STMetaGCN: 3-25              [64, 207, 64]             14,848
│    │    └─STMetaGCN: 3-26              [64, 207, 32]             7,424
│    └─STMetaGCRUCell: 2-16              [64, 207, 32]             --
│    │    └─STMetaGCN: 3-27              [64, 207, 64]             28,736
│    │    └─STMetaGCN: 3-28              [64, 207, 32]             14,368
├─Sequential: 1-7                        [64, 207, 1]              --
│    └─Linear: 2-17                      [64, 207, 1]              33
├─ModuleList: 1-28                       --                        (recursive)
│    └─STMetaGCRUCell: 2-18              [64, 207, 32]             (recursive)
│    │    └─STMetaGCN: 3-29              [64, 207, 64]             (recursive)
│    │    └─STMetaGCN: 3-30              [64, 207, 32]             (recursive)
│    └─STMetaGCRUCell: 2-19              [64, 207, 32]             (recursive)
│    │    └─STMetaGCN: 3-31              [64, 207, 64]             (recursive)
│    │    └─STMetaGCN: 3-32              [64, 207, 32]             (recursive)
├─Sequential: 1-9                        [64, 207, 1]              (recursive)
│    └─Linear: 2-20                      [64, 207, 1]              (recursive)
├─ModuleList: 1-28                       --                        (recursive)
│    └─STMetaGCRUCell: 2-21              [64, 207, 32]             (recursive)
│    │    └─STMetaGCN: 3-33              [64, 207, 64]             (recursive)
│    │    └─STMetaGCN: 3-34              [64, 207, 32]             (recursive)
│    └─STMetaGCRUCell: 2-22              [64, 207, 32]             (recursive)
│    │    └─STMetaGCN: 3-35              [64, 207, 64]             (recursive)
│    │    └─STMetaGCN: 3-36              [64, 207, 32]             (recursive)
├─Sequential: 1-11                       [64, 207, 1]              (recursive)
│    └─Linear: 2-23                      [64, 207, 1]              (recursive)
├─ModuleList: 1-28                       --                        (recursive)
│    └─STMetaGCRUCell: 2-24              [64, 207, 32]             (recursive)
│    │    └─STMetaGCN: 3-37              [64, 207, 64]             (recursive)
│    │    └─STMetaGCN: 3-38              [64, 207, 32]             (recursive)
│    └─STMetaGCRUCell: 2-25              [64, 207, 32]             (recursive)
│    │    └─STMetaGCN: 3-39              [64, 207, 64]             (recursive)
│    │    └─STMetaGCN: 3-40              [64, 207, 32]             (recursive)
├─Sequential: 1-13                       [64, 207, 1]              (recursive)
│    └─Linear: 2-26                      [64, 207, 1]              (recursive)
├─ModuleList: 1-28                       --                        (recursive)
│    └─STMetaGCRUCell: 2-27              [64, 207, 32]             (recursive)
│    │    └─STMetaGCN: 3-41              [64, 207, 64]             (recursive)
│    │    └─STMetaGCN: 3-42              [64, 207, 32]             (recursive)
│    └─STMetaGCRUCell: 2-28              [64, 207, 32]             (recursive)
│    │    └─STMetaGCN: 3-43              [64, 207, 64]             (recursive)
│    │    └─STMetaGCN: 3-44              [64, 207, 32]             (recursive)
├─Sequential: 1-15                       [64, 207, 1]              (recursive)
│    └─Linear: 2-29                      [64, 207, 1]              (recursive)
├─ModuleList: 1-28                       --                        (recursive)
│    └─STMetaGCRUCell: 2-30              [64, 207, 32]             (recursive)
│    │    └─STMetaGCN: 3-45              [64, 207, 64]             (recursive)
│    │    └─STMetaGCN: 3-46              [64, 207, 32]             (recursive)
│    └─STMetaGCRUCell: 2-31              [64, 207, 32]             (recursive)
│    │    └─STMetaGCN: 3-47              [64, 207, 64]             (recursive)
│    │    └─STMetaGCN: 3-48              [64, 207, 32]             (recursive)
├─Sequential: 1-17                       [64, 207, 1]              (recursive)
│    └─Linear: 2-32                      [64, 207, 1]              (recursive)
├─ModuleList: 1-28                       --                        (recursive)
│    └─STMetaGCRUCell: 2-33              [64, 207, 32]             (recursive)
│    │    └─STMetaGCN: 3-49              [64, 207, 64]             (recursive)
│    │    └─STMetaGCN: 3-50              [64, 207, 32]             (recursive)
│    └─STMetaGCRUCell: 2-34              [64, 207, 32]             (recursive)
│    │    └─STMetaGCN: 3-51              [64, 207, 64]             (recursive)
│    │    └─STMetaGCN: 3-52              [64, 207, 32]             (recursive)
├─Sequential: 1-19                       [64, 207, 1]              (recursive)
│    └─Linear: 2-35                      [64, 207, 1]              (recursive)
├─ModuleList: 1-28                       --                        (recursive)
│    └─STMetaGCRUCell: 2-36              [64, 207, 32]             (recursive)
│    │    └─STMetaGCN: 3-53              [64, 207, 64]             (recursive)
│    │    └─STMetaGCN: 3-54              [64, 207, 32]             (recursive)
│    └─STMetaGCRUCell: 2-37              [64, 207, 32]             (recursive)
│    │    └─STMetaGCN: 3-55              [64, 207, 64]             (recursive)
│    │    └─STMetaGCN: 3-56              [64, 207, 32]             (recursive)
├─Sequential: 1-21                       [64, 207, 1]              (recursive)
│    └─Linear: 2-38                      [64, 207, 1]              (recursive)
├─ModuleList: 1-28                       --                        (recursive)
│    └─STMetaGCRUCell: 2-39              [64, 207, 32]             (recursive)
│    │    └─STMetaGCN: 3-57              [64, 207, 64]             (recursive)
│    │    └─STMetaGCN: 3-58              [64, 207, 32]             (recursive)
│    └─STMetaGCRUCell: 2-40              [64, 207, 32]             (recursive)
│    │    └─STMetaGCN: 3-59              [64, 207, 64]             (recursive)
│    │    └─STMetaGCN: 3-60              [64, 207, 32]             (recursive)
├─Sequential: 1-23                       [64, 207, 1]              (recursive)
│    └─Linear: 2-41                      [64, 207, 1]              (recursive)
├─ModuleList: 1-28                       --                        (recursive)
│    └─STMetaGCRUCell: 2-42              [64, 207, 32]             (recursive)
│    │    └─STMetaGCN: 3-61              [64, 207, 64]             (recursive)
│    │    └─STMetaGCN: 3-62              [64, 207, 32]             (recursive)
│    └─STMetaGCRUCell: 2-43              [64, 207, 32]             (recursive)
│    │    └─STMetaGCN: 3-63              [64, 207, 64]             (recursive)
│    │    └─STMetaGCN: 3-64              [64, 207, 32]             (recursive)
├─Sequential: 1-25                       [64, 207, 1]              (recursive)
│    └─Linear: 2-44                      [64, 207, 1]              (recursive)
├─ModuleList: 1-28                       --                        (recursive)
│    └─STMetaGCRUCell: 2-45              [64, 207, 32]             (recursive)
│    │    └─STMetaGCN: 3-65              [64, 207, 64]             (recursive)
│    │    └─STMetaGCN: 3-66              [64, 207, 32]             (recursive)
│    └─STMetaGCRUCell: 2-46              [64, 207, 32]             (recursive)
│    │    └─STMetaGCN: 3-67              [64, 207, 64]             (recursive)
│    │    └─STMetaGCN: 3-68              [64, 207, 32]             (recursive)
├─Sequential: 1-27                       [64, 207, 1]              (recursive)
│    └─Linear: 2-47                      [64, 207, 1]              (recursive)
├─ModuleList: 1-28                       --                        (recursive)
│    └─STMetaGCRUCell: 2-48              [64, 207, 32]             (recursive)
│    │    └─STMetaGCN: 3-69              [64, 207, 64]             (recursive)
│    │    └─STMetaGCN: 3-70              [64, 207, 32]             (recursive)
│    └─STMetaGCRUCell: 2-49              [64, 207, 32]             (recursive)
│    │    └─STMetaGCN: 3-71              [64, 207, 64]             (recursive)
│    │    └─STMetaGCN: 3-72              [64, 207, 32]             (recursive)
├─Sequential: 1-29                       [64, 207, 1]              (recursive)
│    └─Linear: 2-50                      [64, 207, 1]              (recursive)
==========================================================================================
Total params: 217,829
Trainable params: 217,829
Non-trainable params: 0
Total mult-adds (M): 3.11
==========================================================================================
Input size (MB): 1.91
Forward/backward pass size (MB): 95.07
Params size (MB): 0.72
Estimated Total Size (MB): 97.69
==========================================================================================

Loss: MaskedMAELoss

2023-04-22 17:25:42.870410 Epoch 1  	Train Loss = 3.96307 Val Loss = 3.38472
2023-04-22 17:28:14.633531 Epoch 2  	Train Loss = 3.36583 Val Loss = 3.11747
2023-04-22 17:30:46.088582 Epoch 3  	Train Loss = 3.22565 Val Loss = 3.05403
2023-04-22 17:33:17.611381 Epoch 4  	Train Loss = 3.12770 Val Loss = 2.94989
2023-04-22 17:35:47.808771 Epoch 5  	Train Loss = 3.06074 Val Loss = 2.92799
2023-04-22 17:38:22.079904 Epoch 6  	Train Loss = 3.01092 Val Loss = 2.99188
2023-04-22 17:40:52.582862 Epoch 7  	Train Loss = 2.97376 Val Loss = 2.88292
2023-04-22 17:43:22.301737 Epoch 8  	Train Loss = 2.94057 Val Loss = 2.90457
2023-04-22 17:45:54.314623 Epoch 9  	Train Loss = 2.91335 Val Loss = 2.88396
2023-04-22 17:48:23.749191 Epoch 10  	Train Loss = 2.88815 Val Loss = 2.89322
2023-04-22 17:50:53.635535 Epoch 11  	Train Loss = 2.86679 Val Loss = 2.90020
2023-04-22 17:53:24.343966 Epoch 12  	Train Loss = 2.84207 Val Loss = 2.88512
2023-04-22 17:55:51.991571 Epoch 13  	Train Loss = 2.82726 Val Loss = 2.90796
2023-04-22 17:58:21.588416 Epoch 14  	Train Loss = 2.81364 Val Loss = 2.88655
2023-04-22 18:00:49.609275 Epoch 15  	Train Loss = 2.79261 Val Loss = 2.90393
2023-04-22 18:03:17.546659 Epoch 16  	Train Loss = 2.77932 Val Loss = 2.87967
2023-04-22 18:05:45.545722 Epoch 17  	Train Loss = 2.76649 Val Loss = 2.89117
2023-04-22 18:08:15.620275 Epoch 18  	Train Loss = 2.75751 Val Loss = 2.90364
2023-04-22 18:10:44.975427 Epoch 19  	Train Loss = 2.75645 Val Loss = 2.91678
2023-04-22 18:13:13.539891 Epoch 20  	Train Loss = 2.73582 Val Loss = 2.89626
2023-04-22 18:15:41.616490 Epoch 21  	Train Loss = 2.73212 Val Loss = 2.87572
2023-04-22 18:18:10.621991 Epoch 22  	Train Loss = 2.71871 Val Loss = 2.89843
2023-04-22 18:20:40.914543 Epoch 23  	Train Loss = 2.71082 Val Loss = 2.90378
2023-04-22 18:23:10.193535 Epoch 24  	Train Loss = 2.70309 Val Loss = 2.89053
2023-04-22 18:25:40.161646 Epoch 25  	Train Loss = 2.69106 Val Loss = 2.88261
2023-04-22 18:28:08.339647 Epoch 26  	Train Loss = 2.68706 Val Loss = 2.89102
2023-04-22 18:30:36.385550 Epoch 27  	Train Loss = 2.68768 Val Loss = 2.89344
2023-04-22 18:33:04.671929 Epoch 28  	Train Loss = 2.67750 Val Loss = 2.88726
2023-04-22 18:35:33.819873 Epoch 29  	Train Loss = 2.66946 Val Loss = 2.90652
2023-04-22 18:38:01.562709 Epoch 30  	Train Loss = 2.66435 Val Loss = 2.93311
2023-04-22 18:40:30.082948 Epoch 31  	Train Loss = 2.67185 Val Loss = 2.90383
2023-04-22 18:43:03.276219 Epoch 32  	Train Loss = 2.66029 Val Loss = 2.90629
2023-04-22 18:45:31.115567 Epoch 33  	Train Loss = 2.65157 Val Loss = 2.88547
2023-04-22 18:47:58.955109 Epoch 34  	Train Loss = 2.65634 Val Loss = 2.88900
2023-04-22 18:50:27.026085 Epoch 35  	Train Loss = 2.64186 Val Loss = 2.90731
2023-04-22 18:52:58.081993 Epoch 36  	Train Loss = 2.63749 Val Loss = 2.90034
2023-04-22 18:55:30.482336 Epoch 37  	Train Loss = 2.64763 Val Loss = 2.89917
2023-04-22 18:57:57.762002 Epoch 38  	Train Loss = 2.63242 Val Loss = 2.90086
2023-04-22 19:00:25.008828 Epoch 39  	Train Loss = 2.62699 Val Loss = 2.90088
2023-04-22 19:02:52.294863 Epoch 40  	Train Loss = 2.62784 Val Loss = 2.89846
2023-04-22 19:05:19.951846 Epoch 41  	Train Loss = 2.56183 Val Loss = 2.88284
Early stopping at epoch: 41
Best at epoch 21:
Train Loss = 2.73212
Train RMSE = 4.86367, MAE = 2.54682, MAPE = 6.53214
Val Loss = 2.87572
Val RMSE = 6.13771, MAE = 2.91614, MAPE = 8.28068
--------- Test ---------
All Steps RMSE = 6.49975, MAE = 3.19339, MAPE = 8.72051
Step 1 RMSE = 4.11119, MAE = 2.39707, MAPE = 5.89029
Step 2 RMSE = 4.85823, MAE = 2.63874, MAPE = 6.68091
Step 3 RMSE = 5.40716, MAE = 2.82021, MAPE = 7.32777
Step 4 RMSE = 5.86311, MAE = 2.97556, MAPE = 7.88780
Step 5 RMSE = 6.24481, MAE = 3.10938, MAPE = 8.38488
Step 6 RMSE = 6.56288, MAE = 3.22663, MAPE = 8.81354
Step 7 RMSE = 6.82343, MAE = 3.32776, MAPE = 9.18205
Step 8 RMSE = 7.04935, MAE = 3.41691, MAPE = 9.51751
Step 9 RMSE = 7.24328, MAE = 3.49652, MAPE = 9.82045
Step 10 RMSE = 7.41787, MAE = 3.57030, MAPE = 10.10671
Step 11 RMSE = 7.57594, MAE = 3.63776, MAPE = 10.38126
Step 12 RMSE = 7.72265, MAE = 3.70391, MAPE = 10.65310
Inference time: 11.76 s
