METRLA
Trainset:	x-(23974, 12, 207, 3)	y-(23974, 12, 207, 1)
Valset:  	x-(3425, 12, 207, 3)  	y-(3425, 12, 207, 1)
Testset:	x-(6850, 12, 207, 3)	y-(6850, 12, 207, 1)

--------- STMetaAGCRU ---------
{
    "num_nodes": 207,
    "in_steps": 12,
    "out_steps": 12,
    "time_of_day": true,
    "day_of_week": true,
    "lr": 0.002,
    "weight_decay": 0,
    "early_stop": 20,
    "milestones": [
        40,
        100
    ],
    "clip_grad": false,
    "batch_size": 64,
    "max_epochs": 200,
    "use_cl": false,
    "cl_step_size": 2500,
    "pass_device": true,
    "model_args": {
        "device": "cuda:0",
        "num_nodes": 207,
        "node_emb_file": "../data/METRLA/spatial_embeddings.npz",
        "adj_path": "../data/METRLA/adj_mx.pkl",
        "adj_type": "doubletransition",
        "in_steps": 12,
        "out_steps": 12,
        "input_dim": 1,
        "output_dim": 1,
        "gru_hidden_dim": 32,
        "tod_embedding_dim": 24,
        "dow_embedding_dim": 7,
        "node_embedding_dim": 64,
        "learner_hidden_dim": 128,
        "z_dim": 64,
        "num_layers": 2,
        "seq2seq": true,
        "cheb_k": 3,
        "add_01_adj": true,
        "add_meta_adj": false,
        "add_meta_att": true
    }
}
==========================================================================================
Layer (type:depth-idx)                   Output Shape              Param #
==========================================================================================
STMetaAGCRU                              [64, 12, 207, 1]          26,496
├─Sequential: 1-1                        [64, 207, 64]             --
│    └─Linear: 2-1                       [64, 207, 32]             416
│    └─Tanh: 2-2                         [64, 207, 32]             --
│    └─Linear: 2-3                       [64, 207, 32]             1,056
│    └─Tanh: 2-4                         [64, 207, 32]             --
│    └─Linear: 2-5                       [64, 207, 64]             2,112
├─Sequential: 1-2                        [64, 207, 64]             --
│    └─Linear: 2-6                       [64, 207, 32]             416
│    └─Tanh: 2-7                         [64, 207, 32]             --
│    └─Linear: 2-8                       [64, 207, 32]             1,056
│    └─Tanh: 2-9                         [64, 207, 32]             --
│    └─Linear: 2-10                      [64, 207, 64]             2,112
├─Sequential: 1-3                        [64, 207, 30]             --
│    └─Linear: 2-11                      [64, 207, 128]            20,480
│    └─ReLU: 2-12                        [64, 207, 128]            --
│    └─Linear: 2-13                      [64, 207, 30]             3,870
├─ModuleList: 1-4                        --                        --
│    └─STMetaGCRUEncoder: 2-14           [64, 12, 207, 32]         --
│    │    └─STMetaGCRUCell: 3-1          [64, 207, 32]             19,104
│    │    └─STMetaGCRUCell: 3-2          [64, 207, 32]             (recursive)
│    │    └─STMetaGCRUCell: 3-3          [64, 207, 32]             (recursive)
│    │    └─STMetaGCRUCell: 3-4          [64, 207, 32]             (recursive)
│    │    └─STMetaGCRUCell: 3-5          [64, 207, 32]             (recursive)
│    │    └─STMetaGCRUCell: 3-6          [64, 207, 32]             (recursive)
│    │    └─STMetaGCRUCell: 3-7          [64, 207, 32]             (recursive)
│    │    └─STMetaGCRUCell: 3-8          [64, 207, 32]             (recursive)
│    │    └─STMetaGCRUCell: 3-9          [64, 207, 32]             (recursive)
│    │    └─STMetaGCRUCell: 3-10         [64, 207, 32]             (recursive)
│    │    └─STMetaGCRUCell: 3-11         [64, 207, 32]             (recursive)
│    │    └─STMetaGCRUCell: 3-12         [64, 207, 32]             (recursive)
│    └─STMetaGCRUEncoder: 2-15           [64, 12, 207, 32]         --
│    │    └─STMetaGCRUCell: 3-13         [64, 207, 32]             36,960
│    │    └─STMetaGCRUCell: 3-14         [64, 207, 32]             (recursive)
│    │    └─STMetaGCRUCell: 3-15         [64, 207, 32]             (recursive)
│    │    └─STMetaGCRUCell: 3-16         [64, 207, 32]             (recursive)
│    │    └─STMetaGCRUCell: 3-17         [64, 207, 32]             (recursive)
│    │    └─STMetaGCRUCell: 3-18         [64, 207, 32]             (recursive)
│    │    └─STMetaGCRUCell: 3-19         [64, 207, 32]             (recursive)
│    │    └─STMetaGCRUCell: 3-20         [64, 207, 32]             (recursive)
│    │    └─STMetaGCRUCell: 3-21         [64, 207, 32]             (recursive)
│    │    └─STMetaGCRUCell: 3-22         [64, 207, 32]             (recursive)
│    │    └─STMetaGCRUCell: 3-23         [64, 207, 32]             (recursive)
│    │    └─STMetaGCRUCell: 3-24         [64, 207, 32]             (recursive)
├─Sequential: 1-5                        [64, 207, 30]             --
│    └─Linear: 2-16                      [64, 207, 128]            20,480
│    └─ReLU: 2-17                        [64, 207, 128]            --
│    └─Linear: 2-18                      [64, 207, 30]             3,870
├─ModuleList: 1-28                       --                        (recursive)
│    └─STMetaGCRUCell: 2-19              [64, 207, 32]             --
│    │    └─STMetaGCN: 3-25              [64, 207, 64]             12,736
│    │    └─STMetaGCN: 3-26              [64, 207, 32]             6,368
│    └─STMetaGCRUCell: 2-20              [64, 207, 32]             --
│    │    └─STMetaGCN: 3-27              [64, 207, 64]             24,640
│    │    └─STMetaGCN: 3-28              [64, 207, 32]             12,320
├─Sequential: 1-7                        [64, 207, 1]              --
│    └─Linear: 2-21                      [64, 207, 1]              33
├─ModuleList: 1-28                       --                        (recursive)
│    └─STMetaGCRUCell: 2-22              [64, 207, 32]             (recursive)
│    │    └─STMetaGCN: 3-29              [64, 207, 64]             (recursive)
│    │    └─STMetaGCN: 3-30              [64, 207, 32]             (recursive)
│    └─STMetaGCRUCell: 2-23              [64, 207, 32]             (recursive)
│    │    └─STMetaGCN: 3-31              [64, 207, 64]             (recursive)
│    │    └─STMetaGCN: 3-32              [64, 207, 32]             (recursive)
├─Sequential: 1-9                        [64, 207, 1]              (recursive)
│    └─Linear: 2-24                      [64, 207, 1]              (recursive)
├─ModuleList: 1-28                       --                        (recursive)
│    └─STMetaGCRUCell: 2-25              [64, 207, 32]             (recursive)
│    │    └─STMetaGCN: 3-33              [64, 207, 64]             (recursive)
│    │    └─STMetaGCN: 3-34              [64, 207, 32]             (recursive)
│    └─STMetaGCRUCell: 2-26              [64, 207, 32]             (recursive)
│    │    └─STMetaGCN: 3-35              [64, 207, 64]             (recursive)
│    │    └─STMetaGCN: 3-36              [64, 207, 32]             (recursive)
├─Sequential: 1-11                       [64, 207, 1]              (recursive)
│    └─Linear: 2-27                      [64, 207, 1]              (recursive)
├─ModuleList: 1-28                       --                        (recursive)
│    └─STMetaGCRUCell: 2-28              [64, 207, 32]             (recursive)
│    │    └─STMetaGCN: 3-37              [64, 207, 64]             (recursive)
│    │    └─STMetaGCN: 3-38              [64, 207, 32]             (recursive)
│    └─STMetaGCRUCell: 2-29              [64, 207, 32]             (recursive)
│    │    └─STMetaGCN: 3-39              [64, 207, 64]             (recursive)
│    │    └─STMetaGCN: 3-40              [64, 207, 32]             (recursive)
├─Sequential: 1-13                       [64, 207, 1]              (recursive)
│    └─Linear: 2-30                      [64, 207, 1]              (recursive)
├─ModuleList: 1-28                       --                        (recursive)
│    └─STMetaGCRUCell: 2-31              [64, 207, 32]             (recursive)
│    │    └─STMetaGCN: 3-41              [64, 207, 64]             (recursive)
│    │    └─STMetaGCN: 3-42              [64, 207, 32]             (recursive)
│    └─STMetaGCRUCell: 2-32              [64, 207, 32]             (recursive)
│    │    └─STMetaGCN: 3-43              [64, 207, 64]             (recursive)
│    │    └─STMetaGCN: 3-44              [64, 207, 32]             (recursive)
├─Sequential: 1-15                       [64, 207, 1]              (recursive)
│    └─Linear: 2-33                      [64, 207, 1]              (recursive)
├─ModuleList: 1-28                       --                        (recursive)
│    └─STMetaGCRUCell: 2-34              [64, 207, 32]             (recursive)
│    │    └─STMetaGCN: 3-45              [64, 207, 64]             (recursive)
│    │    └─STMetaGCN: 3-46              [64, 207, 32]             (recursive)
│    └─STMetaGCRUCell: 2-35              [64, 207, 32]             (recursive)
│    │    └─STMetaGCN: 3-47              [64, 207, 64]             (recursive)
│    │    └─STMetaGCN: 3-48              [64, 207, 32]             (recursive)
├─Sequential: 1-17                       [64, 207, 1]              (recursive)
│    └─Linear: 2-36                      [64, 207, 1]              (recursive)
├─ModuleList: 1-28                       --                        (recursive)
│    └─STMetaGCRUCell: 2-37              [64, 207, 32]             (recursive)
│    │    └─STMetaGCN: 3-49              [64, 207, 64]             (recursive)
│    │    └─STMetaGCN: 3-50              [64, 207, 32]             (recursive)
│    └─STMetaGCRUCell: 2-38              [64, 207, 32]             (recursive)
│    │    └─STMetaGCN: 3-51              [64, 207, 64]             (recursive)
│    │    └─STMetaGCN: 3-52              [64, 207, 32]             (recursive)
├─Sequential: 1-19                       [64, 207, 1]              (recursive)
│    └─Linear: 2-39                      [64, 207, 1]              (recursive)
├─ModuleList: 1-28                       --                        (recursive)
│    └─STMetaGCRUCell: 2-40              [64, 207, 32]             (recursive)
│    │    └─STMetaGCN: 3-53              [64, 207, 64]             (recursive)
│    │    └─STMetaGCN: 3-54              [64, 207, 32]             (recursive)
│    └─STMetaGCRUCell: 2-41              [64, 207, 32]             (recursive)
│    │    └─STMetaGCN: 3-55              [64, 207, 64]             (recursive)
│    │    └─STMetaGCN: 3-56              [64, 207, 32]             (recursive)
├─Sequential: 1-21                       [64, 207, 1]              (recursive)
│    └─Linear: 2-42                      [64, 207, 1]              (recursive)
├─ModuleList: 1-28                       --                        (recursive)
│    └─STMetaGCRUCell: 2-43              [64, 207, 32]             (recursive)
│    │    └─STMetaGCN: 3-57              [64, 207, 64]             (recursive)
│    │    └─STMetaGCN: 3-58              [64, 207, 32]             (recursive)
│    └─STMetaGCRUCell: 2-44              [64, 207, 32]             (recursive)
│    │    └─STMetaGCN: 3-59              [64, 207, 64]             (recursive)
│    │    └─STMetaGCN: 3-60              [64, 207, 32]             (recursive)
├─Sequential: 1-23                       [64, 207, 1]              (recursive)
│    └─Linear: 2-45                      [64, 207, 1]              (recursive)
├─ModuleList: 1-28                       --                        (recursive)
│    └─STMetaGCRUCell: 2-46              [64, 207, 32]             (recursive)
│    │    └─STMetaGCN: 3-61              [64, 207, 64]             (recursive)
│    │    └─STMetaGCN: 3-62              [64, 207, 32]             (recursive)
│    └─STMetaGCRUCell: 2-47              [64, 207, 32]             (recursive)
│    │    └─STMetaGCN: 3-63              [64, 207, 64]             (recursive)
│    │    └─STMetaGCN: 3-64              [64, 207, 32]             (recursive)
├─Sequential: 1-25                       [64, 207, 1]              (recursive)
│    └─Linear: 2-48                      [64, 207, 1]              (recursive)
├─ModuleList: 1-28                       --                        (recursive)
│    └─STMetaGCRUCell: 2-49              [64, 207, 32]             (recursive)
│    │    └─STMetaGCN: 3-65              [64, 207, 64]             (recursive)
│    │    └─STMetaGCN: 3-66              [64, 207, 32]             (recursive)
│    └─STMetaGCRUCell: 2-50              [64, 207, 32]             (recursive)
│    │    └─STMetaGCN: 3-67              [64, 207, 64]             (recursive)
│    │    └─STMetaGCN: 3-68              [64, 207, 32]             (recursive)
├─Sequential: 1-27                       [64, 207, 1]              (recursive)
│    └─Linear: 2-51                      [64, 207, 1]              (recursive)
├─ModuleList: 1-28                       --                        (recursive)
│    └─STMetaGCRUCell: 2-52              [64, 207, 32]             (recursive)
│    │    └─STMetaGCN: 3-69              [64, 207, 64]             (recursive)
│    │    └─STMetaGCN: 3-70              [64, 207, 32]             (recursive)
│    └─STMetaGCRUCell: 2-53              [64, 207, 32]             (recursive)
│    │    └─STMetaGCN: 3-71              [64, 207, 64]             (recursive)
│    │    └─STMetaGCN: 3-72              [64, 207, 32]             (recursive)
├─Sequential: 1-29                       [64, 207, 1]              (recursive)
│    └─Linear: 2-54                      [64, 207, 1]              (recursive)
==========================================================================================
Total params: 194,525
Trainable params: 194,525
Non-trainable params: 0
Total mult-adds (M): 3.60
==========================================================================================
Input size (MB): 1.91
Forward/backward pass size (MB): 101.43
Params size (MB): 0.67
Estimated Total Size (MB): 104.01
==========================================================================================

Loss: MaskedMAELoss

2023-04-23 01:31:13.705902 Epoch 1  	Train Loss = 4.89778 Val Loss = 3.47606
2023-04-23 01:33:02.584402 Epoch 2  	Train Loss = 3.55905 Val Loss = 3.26189
2023-04-23 01:34:52.586743 Epoch 3  	Train Loss = 3.36942 Val Loss = 3.17696
2023-04-23 01:36:43.365283 Epoch 4  	Train Loss = 3.25828 Val Loss = 3.06111
2023-04-23 01:38:34.625908 Epoch 5  	Train Loss = 3.17024 Val Loss = 3.00460
2023-04-23 01:40:25.883009 Epoch 6  	Train Loss = 3.11775 Val Loss = 2.97754
2023-04-23 01:42:16.827034 Epoch 7  	Train Loss = 3.06970 Val Loss = 2.93950
2023-04-23 01:44:07.047351 Epoch 8  	Train Loss = 3.04411 Val Loss = 2.91703
2023-04-23 01:45:57.246226 Epoch 9  	Train Loss = 3.01315 Val Loss = 2.87655
2023-04-23 01:47:47.309776 Epoch 10  	Train Loss = 2.99028 Val Loss = 2.86914
2023-04-23 01:49:37.245662 Epoch 11  	Train Loss = 2.96909 Val Loss = 2.85524
2023-04-23 01:51:27.580865 Epoch 12  	Train Loss = 2.94867 Val Loss = 2.86015
2023-04-23 01:53:18.107213 Epoch 13  	Train Loss = 2.92885 Val Loss = 2.87890
2023-04-23 01:55:07.949663 Epoch 14  	Train Loss = 2.91667 Val Loss = 2.86611
2023-04-23 01:56:57.373590 Epoch 15  	Train Loss = 2.90171 Val Loss = 2.84915
2023-04-23 01:58:46.116037 Epoch 16  	Train Loss = 2.88633 Val Loss = 2.84947
2023-04-23 02:00:34.698285 Epoch 17  	Train Loss = 2.87858 Val Loss = 2.86111
2023-04-23 02:02:23.246541 Epoch 18  	Train Loss = 2.86329 Val Loss = 2.83621
2023-04-23 02:04:11.798587 Epoch 19  	Train Loss = 2.85610 Val Loss = 2.82456
2023-04-23 02:06:00.473504 Epoch 20  	Train Loss = 2.84777 Val Loss = 2.80768
2023-04-23 02:07:49.132254 Epoch 21  	Train Loss = 2.83388 Val Loss = 2.83961
2023-04-23 02:09:37.438128 Epoch 22  	Train Loss = 2.82039 Val Loss = 2.85117
2023-04-23 02:11:25.617255 Epoch 23  	Train Loss = 2.81401 Val Loss = 2.81137
2023-04-23 02:13:13.808970 Epoch 24  	Train Loss = 2.80268 Val Loss = 2.80684
2023-04-23 02:15:02.111228 Epoch 25  	Train Loss = 2.79496 Val Loss = 3.10064
2023-04-23 02:16:50.617130 Epoch 26  	Train Loss = 2.80728 Val Loss = 2.84499
2023-04-23 02:18:39.335480 Epoch 27  	Train Loss = 2.77914 Val Loss = 2.80394
2023-04-23 02:20:28.249660 Epoch 28  	Train Loss = 2.77510 Val Loss = 2.85393
2023-04-23 02:22:16.893020 Epoch 29  	Train Loss = 2.78345 Val Loss = 2.83513
2023-04-23 02:24:05.376676 Epoch 30  	Train Loss = 2.76654 Val Loss = 2.80161
2023-04-23 02:25:53.892750 Epoch 31  	Train Loss = 2.75296 Val Loss = 2.81041
2023-04-23 02:27:42.293511 Epoch 32  	Train Loss = 2.74400 Val Loss = 2.84638
2023-04-23 02:29:30.643705 Epoch 33  	Train Loss = 2.75101 Val Loss = 2.81992
2023-04-23 02:31:19.102242 Epoch 34  	Train Loss = 2.73783 Val Loss = 2.81562
2023-04-23 02:33:07.763429 Epoch 35  	Train Loss = 2.74919 Val Loss = 2.83327
2023-04-23 02:34:56.555530 Epoch 36  	Train Loss = 2.73427 Val Loss = 2.83974
2023-04-23 02:36:45.059797 Epoch 37  	Train Loss = 2.74959 Val Loss = 2.81884
2023-04-23 02:38:33.395278 Epoch 38  	Train Loss = 2.71727 Val Loss = 2.82248
2023-04-23 02:40:21.711677 Epoch 39  	Train Loss = 2.71514 Val Loss = 2.83823
2023-04-23 02:42:10.003965 Epoch 40  	Train Loss = 2.71677 Val Loss = 2.80737
2023-04-23 02:43:58.277846 Epoch 41  	Train Loss = 2.64470 Val Loss = 2.79683
2023-04-23 02:45:46.740329 Epoch 42  	Train Loss = 2.62956 Val Loss = 2.79550
2023-04-23 02:47:35.375329 Epoch 43  	Train Loss = 2.62432 Val Loss = 2.79809
2023-04-23 02:49:24.157499 Epoch 44  	Train Loss = 2.62073 Val Loss = 2.80198
2023-04-23 02:51:12.725116 Epoch 45  	Train Loss = 2.61738 Val Loss = 2.80350
2023-04-23 02:53:01.032602 Epoch 46  	Train Loss = 2.61422 Val Loss = 2.79577
2023-04-23 02:54:49.450665 Epoch 47  	Train Loss = 2.61148 Val Loss = 2.80659
2023-04-23 02:56:37.702824 Epoch 48  	Train Loss = 2.60893 Val Loss = 2.80807
2023-04-23 02:58:25.905937 Epoch 49  	Train Loss = 2.60746 Val Loss = 2.80122
2023-04-23 03:00:14.303060 Epoch 50  	Train Loss = 2.60585 Val Loss = 2.79709
2023-04-23 03:02:02.693775 Epoch 51  	Train Loss = 2.60302 Val Loss = 2.80280
2023-04-23 03:03:50.844635 Epoch 52  	Train Loss = 2.60118 Val Loss = 2.81020
2023-04-23 03:05:38.774648 Epoch 53  	Train Loss = 2.59945 Val Loss = 2.81013
2023-04-23 03:07:26.650804 Epoch 54  	Train Loss = 2.59778 Val Loss = 2.80821
2023-04-23 03:09:14.616178 Epoch 55  	Train Loss = 2.59607 Val Loss = 2.81024
2023-04-23 03:11:02.764226 Epoch 56  	Train Loss = 2.59498 Val Loss = 2.81451
2023-04-23 03:12:51.080226 Epoch 57  	Train Loss = 2.59298 Val Loss = 2.80631
2023-04-23 03:14:39.644031 Epoch 58  	Train Loss = 2.59166 Val Loss = 2.82111
2023-04-23 03:16:28.138959 Epoch 59  	Train Loss = 2.59002 Val Loss = 2.81243
2023-04-23 03:18:16.452097 Epoch 60  	Train Loss = 2.58852 Val Loss = 2.81271
2023-04-23 03:20:04.548728 Epoch 61  	Train Loss = 2.58659 Val Loss = 2.80948
2023-04-23 03:21:53.219581 Epoch 62  	Train Loss = 2.58527 Val Loss = 2.80809
Early stopping at epoch: 62
Best at epoch 42:
Train Loss = 2.62956
Train RMSE = 4.99701, MAE = 2.58091, MAPE = 6.65614
Val Loss = 2.79550
Val RMSE = 5.94114, MAE = 2.84856, MAPE = 7.96722
--------- Test ---------
All Steps RMSE = 6.29890, MAE = 3.08396, MAPE = 8.54021
Step 1 RMSE = 3.97384, MAE = 2.30082, MAPE = 5.70306
Step 2 RMSE = 4.71965, MAE = 2.55474, MAPE = 6.53533
Step 3 RMSE = 5.25745, MAE = 2.73846, MAPE = 7.19159
Step 4 RMSE = 5.68789, MAE = 2.88665, MAPE = 7.74266
Step 5 RMSE = 6.04216, MAE = 3.01113, MAPE = 8.21568
Step 6 RMSE = 6.34377, MAE = 3.11847, MAPE = 8.63011
Step 7 RMSE = 6.60189, MAE = 3.21320, MAPE = 9.00391
Step 8 RMSE = 6.82246, MAE = 3.29631, MAPE = 9.32844
Step 9 RMSE = 7.01473, MAE = 3.37162, MAPE = 9.63353
Step 10 RMSE = 7.18864, MAE = 3.44015, MAPE = 9.90687
Step 11 RMSE = 7.34917, MAE = 3.50618, MAPE = 10.17292
Step 12 RMSE = 7.50207, MAE = 3.56988, MAPE = 10.41873
Inference time: 10.12 s
