METRLA
Trainset:	x-(23974, 12, 207, 3)	y-(23974, 12, 207, 1)
Valset:  	x-(3425, 12, 207, 3)  	y-(3425, 12, 207, 1)
Testset:	x-(6850, 12, 207, 3)	y-(6850, 12, 207, 1)

--------- STMetaGCRU ---------
{
    "num_nodes": 207,
    "in_steps": 12,
    "out_steps": 12,
    "time_of_day": true,
    "day_of_week": true,
    "lr": 0.0001,
    "weight_decay": 0,
    "milestones": [
        40,
        80
    ],
    "clip_grad": false,
    "batch_size": 64,
    "max_epochs": 200,
    "use_cl": false,
    "pass_device": true,
    "model_args": {
        "device": "cuda:0",
        "num_nodes": 207,
        "node_emb_file": "../data/METRLA/spatial_embeddings.npz",
        "adj_path": "../data/METRLA/adj_mx.pkl",
        "adj_type": "doubletransition",
        "in_steps": 12,
        "out_steps": 12,
        "input_dim": 1,
        "output_dim": 1,
        "gru_hidden_dim": 32,
        "tod_embedding_dim": 24,
        "dow_embedding_dim": 7,
        "node_embedding_dim": 64,
        "learner_hidden_dim": 128,
        "z_dim": 32,
        "num_layers": 1,
        "seq2seq": false,
        "cheb_k": 3
    }
}
==========================================================================================
Layer (type:depth-idx)                   Output Shape              Param #
==========================================================================================
STMetaGCRU                               [64, 12, 207, 1]          13,248
├─Sequential: 1-1                        [64, 207, 32]             --
│    └─Linear: 2-1                       [64, 207, 32]             416
│    └─Tanh: 2-2                         [64, 207, 32]             --
│    └─Linear: 2-3                       [64, 207, 32]             1,056
│    └─Tanh: 2-4                         [64, 207, 32]             --
│    └─Linear: 2-5                       [64, 207, 32]             1,056
├─Sequential: 1-2                        [64, 207, 32]             --
│    └─Linear: 2-6                       [64, 207, 32]             416
│    └─Tanh: 2-7                         [64, 207, 32]             --
│    └─Linear: 2-8                       [64, 207, 32]             1,056
│    └─Tanh: 2-9                         [64, 207, 32]             --
│    └─Linear: 2-10                      [64, 207, 32]             1,056
├─ModuleList: 1-3                        --                        --
│    └─STMetaGCRUEncoder: 2-11           [64, 12, 207, 32]         --
│    │    └─Sequential: 3-1              [64, 207, 12672]          1,651,072
│    │    └─Sequential: 3-2              [64, 207, 64]             24,640
│    │    └─Sequential: 3-3              [64, 207, 6336]           833,728
│    │    └─Sequential: 3-4              [64, 207, 32]             20,512
│    │    └─STMetaGCRUCell: 3-5          [64, 207, 32]             --
│    │    └─STMetaGCRUCell: 3-6          [64, 207, 32]             --
│    │    └─STMetaGCRUCell: 3-7          [64, 207, 32]             --
│    │    └─STMetaGCRUCell: 3-8          [64, 207, 32]             --
│    │    └─STMetaGCRUCell: 3-9          [64, 207, 32]             --
│    │    └─STMetaGCRUCell: 3-10         [64, 207, 32]             --
│    │    └─STMetaGCRUCell: 3-11         [64, 207, 32]             --
│    │    └─STMetaGCRUCell: 3-12         [64, 207, 32]             --
│    │    └─STMetaGCRUCell: 3-13         [64, 207, 32]             --
│    │    └─STMetaGCRUCell: 3-14         [64, 207, 32]             --
│    │    └─STMetaGCRUCell: 3-15         [64, 207, 32]             --
│    │    └─STMetaGCRUCell: 3-16         [64, 207, 32]             --
├─Linear: 1-4                            [64, 207, 12]             396
==========================================================================================
Total params: 2,548,652
Trainable params: 2,548,652
Non-trainable params: 0
Total mult-adds (M): 162.27
==========================================================================================
Input size (MB): 1.91
Forward/backward pass size (MB): 2100.60
Params size (MB): 10.14
Estimated Total Size (MB): 2112.65
==========================================================================================

Loss: MaskedMAELoss

2023-04-18 13:02:10.989160 Epoch 1  	Train Loss = 5.79531 Val Loss = 4.32503
2023-04-18 13:03:26.045847 Epoch 2  	Train Loss = 4.16396 Val Loss = 3.82368
2023-04-18 13:04:41.932642 Epoch 3  	Train Loss = 3.85578 Val Loss = 3.60068
2023-04-18 13:05:58.083761 Epoch 4  	Train Loss = 3.70259 Val Loss = 3.48565
2023-04-18 13:07:14.294879 Epoch 5  	Train Loss = 3.61801 Val Loss = 3.42556
2023-04-18 13:08:30.569341 Epoch 6  	Train Loss = 3.55653 Val Loss = 3.36283
2023-04-18 13:09:46.861733 Epoch 7  	Train Loss = 3.50579 Val Loss = 3.32016
2023-04-18 13:11:03.280112 Epoch 8  	Train Loss = 3.46325 Val Loss = 3.28356
2023-04-18 13:12:19.810194 Epoch 9  	Train Loss = 3.42922 Val Loss = 3.25012
2023-04-18 13:13:36.311413 Epoch 10  	Train Loss = 3.39197 Val Loss = 3.22631
2023-04-18 13:14:52.542893 Epoch 11  	Train Loss = 3.36062 Val Loss = 3.18946
2023-04-18 13:16:08.517952 Epoch 12  	Train Loss = 3.33197 Val Loss = 3.17277
2023-04-18 13:17:24.542701 Epoch 13  	Train Loss = 3.30346 Val Loss = 3.17346
2023-04-18 13:18:40.635681 Epoch 14  	Train Loss = 3.27769 Val Loss = 3.13628
2023-04-18 13:19:56.784981 Epoch 15  	Train Loss = 3.25641 Val Loss = 3.11233
2023-04-18 13:21:12.971177 Epoch 16  	Train Loss = 3.23789 Val Loss = 3.09748
2023-04-18 13:22:29.271479 Epoch 17  	Train Loss = 3.21541 Val Loss = 3.09555
2023-04-18 13:23:45.589768 Epoch 18  	Train Loss = 3.20483 Val Loss = 3.07874
2023-04-18 13:25:02.056288 Epoch 19  	Train Loss = 3.18064 Val Loss = 3.05753
2023-04-18 13:26:18.562165 Epoch 20  	Train Loss = 3.16321 Val Loss = 3.04696
2023-04-18 13:27:35.078686 Epoch 21  	Train Loss = 3.14644 Val Loss = 3.04013
2023-04-18 13:28:51.508047 Epoch 22  	Train Loss = 3.13174 Val Loss = 3.04183
2023-04-18 13:30:07.706260 Epoch 23  	Train Loss = 3.11213 Val Loss = 3.00950
2023-04-18 13:31:23.822671 Epoch 24  	Train Loss = 3.09558 Val Loss = 3.01114
2023-04-18 13:32:39.911625 Epoch 25  	Train Loss = 3.08000 Val Loss = 2.99455
2023-04-18 13:33:56.027182 Epoch 26  	Train Loss = 3.06700 Val Loss = 2.99479
2023-04-18 13:35:12.055506 Epoch 27  	Train Loss = 3.05278 Val Loss = 2.99516
2023-04-18 13:36:28.035891 Epoch 28  	Train Loss = 3.05430 Val Loss = 2.99455
2023-04-18 13:37:44.271377 Epoch 29  	Train Loss = 3.03595 Val Loss = 2.98635
2023-04-18 13:39:00.647281 Epoch 30  	Train Loss = 3.04982 Val Loss = 3.04476
2023-04-18 13:40:17.041918 Epoch 31  	Train Loss = 3.04787 Val Loss = 2.98927
2023-04-18 13:41:33.307063 Epoch 32  	Train Loss = 3.03801 Val Loss = 2.99870
2023-04-18 13:42:49.581287 Epoch 33  	Train Loss = 3.03706 Val Loss = 3.00949
2023-04-18 13:44:05.581950 Epoch 34  	Train Loss = 3.03486 Val Loss = 3.01100
2023-04-18 13:45:21.461231 Epoch 35  	Train Loss = 3.03060 Val Loss = 3.00361
2023-04-18 13:46:37.418233 Epoch 36  	Train Loss = 3.02481 Val Loss = 2.98783
2023-04-18 13:47:53.519580 Epoch 37  	Train Loss = 3.01551 Val Loss = 2.99840
2023-04-18 13:49:09.699759 Epoch 38  	Train Loss = 3.01286 Val Loss = 2.98369
2023-04-18 13:50:26.061381 Epoch 39  	Train Loss = 3.00574 Val Loss = 2.97407
2023-04-18 13:51:42.376865 Epoch 40  	Train Loss = 2.99955 Val Loss = 2.98507
2023-04-18 13:52:58.680389 Epoch 41  	Train Loss = 2.98392 Val Loss = 2.97395
2023-04-18 13:54:15.032629 Epoch 42  	Train Loss = 2.98196 Val Loss = 2.96225
2023-04-18 13:55:31.411347 Epoch 43  	Train Loss = 2.97985 Val Loss = 2.96990
2023-04-18 13:56:47.787192 Epoch 44  	Train Loss = 2.97905 Val Loss = 2.96171
2023-04-18 13:58:03.985137 Epoch 45  	Train Loss = 2.97864 Val Loss = 2.97219
2023-04-18 13:59:19.985433 Epoch 46  	Train Loss = 2.97759 Val Loss = 2.97063
2023-04-18 14:00:35.976653 Epoch 47  	Train Loss = 2.97800 Val Loss = 2.96997
2023-04-18 14:01:52.035983 Epoch 48  	Train Loss = 2.97913 Val Loss = 2.96687
2023-04-18 14:03:08.183046 Epoch 49  	Train Loss = 2.98082 Val Loss = 2.96864
2023-04-18 14:04:24.418650 Epoch 50  	Train Loss = 2.98068 Val Loss = 2.97175
2023-04-18 14:05:40.808028 Epoch 51  	Train Loss = 2.97930 Val Loss = 2.96340
2023-04-18 14:06:57.143290 Epoch 52  	Train Loss = 2.97816 Val Loss = 2.96090
2023-04-18 14:08:13.397586 Epoch 53  	Train Loss = 2.97724 Val Loss = 2.96472
2023-04-18 14:09:29.670806 Epoch 54  	Train Loss = 2.97731 Val Loss = 2.96665
2023-04-18 14:10:45.949520 Epoch 55  	Train Loss = 2.97422 Val Loss = 2.96091
2023-04-18 14:12:02.271395 Epoch 56  	Train Loss = 2.97363 Val Loss = 2.97020
2023-04-18 14:13:18.339688 Epoch 57  	Train Loss = 2.97316 Val Loss = 2.96196
2023-04-18 14:14:34.390169 Epoch 58  	Train Loss = 2.97124 Val Loss = 2.96755
2023-04-18 14:15:50.436211 Epoch 59  	Train Loss = 2.96849 Val Loss = 2.96368
2023-04-18 14:17:06.579309 Epoch 60  	Train Loss = 2.96619 Val Loss = 2.96094
2023-04-18 14:18:22.789503 Epoch 61  	Train Loss = 2.96535 Val Loss = 2.95669
2023-04-18 14:19:39.100106 Epoch 62  	Train Loss = 2.96299 Val Loss = 2.94868
2023-04-18 14:20:55.467061 Epoch 63  	Train Loss = 2.96341 Val Loss = 2.95326
2023-04-18 14:22:11.862994 Epoch 64  	Train Loss = 2.96074 Val Loss = 2.95356
2023-04-18 14:23:28.303446 Epoch 65  	Train Loss = 2.96199 Val Loss = 2.95484
2023-04-18 14:24:44.818129 Epoch 66  	Train Loss = 2.96176 Val Loss = 2.94873
2023-04-18 14:26:01.183037 Epoch 67  	Train Loss = 2.96105 Val Loss = 2.95134
2023-04-18 14:27:17.290005 Epoch 68  	Train Loss = 2.95988 Val Loss = 2.94987
2023-04-18 14:28:33.235694 Epoch 69  	Train Loss = 2.96005 Val Loss = 2.95473
2023-04-18 14:29:49.224356 Epoch 70  	Train Loss = 2.95920 Val Loss = 2.95228
2023-04-18 14:31:05.314279 Epoch 71  	Train Loss = 2.95872 Val Loss = 2.95415
2023-04-18 14:32:21.630343 Epoch 72  	Train Loss = 2.95613 Val Loss = 2.95341
Early stopping at epoch: 72
Best at epoch 62:
Train Loss = 2.96299
Train RMSE = 5.82255, MAE = 2.95418, MAPE = 7.97757
Val Loss = 2.94868
Val RMSE = 6.07666, MAE = 2.98571, MAPE = 8.41873
--------- Test ---------
All Steps RMSE = 6.43206, MAE = 3.23370, MAPE = 9.09366
Step 1 RMSE = 4.28553, MAE = 2.44642, MAPE = 6.18431
Step 2 RMSE = 5.00298, MAE = 2.69916, MAPE = 7.05187
Step 3 RMSE = 5.48158, MAE = 2.88109, MAPE = 7.72970
Step 4 RMSE = 5.85400, MAE = 3.03238, MAPE = 8.30349
Step 5 RMSE = 6.18146, MAE = 3.16303, MAPE = 8.82900
Step 6 RMSE = 6.45489, MAE = 3.26906, MAPE = 9.24848
Step 7 RMSE = 6.69970, MAE = 3.35962, MAPE = 9.60052
Step 8 RMSE = 6.90229, MAE = 3.43844, MAPE = 9.89221
Step 9 RMSE = 7.09353, MAE = 3.51368, MAPE = 10.17506
Step 10 RMSE = 7.26721, MAE = 3.58732, MAPE = 10.43159
Step 11 RMSE = 7.43343, MAE = 3.66402, MAPE = 10.69124
Step 12 RMSE = 7.61291, MAE = 3.75019, MAPE = 10.98687
Inference time: 4.65 s
